Build started 2/28/2013 9:51:19 AM.
     1>Project "C:\Users\IceFrogger1313\documents\visual studio 2010\Projects\huffman\huffman\huffman.vcxproj" on node 2 (build target(s)).
     1>InitializeBuildStatus:
         Creating "Debug\huffman.unsuccessfulbuild" because "AlwaysCreate" was specified.
       ClCompile:
         C:\Program Files (x86)\OtherPrograms\Microsoft Visual Studio 10.0\VC\bin\CL.exe /c /ZI /nologo /W3 /WX- /Od /Oy- /D WIN32 /D _DEBUG /D _CONSOLE /D _UNICODE /D UNICODE /Gm /EHsc /RTC1 /MDd /GS /fp:precise /Zc:wchar_t /Zc:forScope /Fo"Debug\\" /Fd"Debug\vc100.pdb" /Gd /TP /analyze- /errorReport:prompt huffmanDriver.cpp
         huffmanDriver.cpp
     1>c:\users\icefrogger1313\documents\visual studio 2010\projects\huffman\huffman\huffman.h(166): warning C4309: '=' : truncation of constant value
     1>c:\users\icefrogger1313\documents\visual studio 2010\projects\huffman\huffman\huffman.h(220): warning C4309: '=' : truncation of constant value
       ManifestResourceCompile:
         All outputs are up-to-date.
       Link:
         C:\Program Files (x86)\OtherPrograms\Microsoft Visual Studio 10.0\VC\bin\link.exe /ERRORREPORT:PROMPT /OUT:"C:\Users\IceFrogger1313\documents\visual studio 2010\Projects\huffman\Debug\huffman.exe" /INCREMENTAL /NOLOGO kernel32.lib user32.lib gdi32.lib winspool.lib comdlg32.lib advapi32.lib shell32.lib ole32.lib oleaut32.lib uuid.lib odbc32.lib odbccp32.lib /MANIFEST /ManifestFile:"Debug\huffman.exe.intermediate.manifest" /MANIFESTUAC:"level='asInvoker' uiAccess='false'" /DEBUG /PDB:"C:\Users\IceFrogger1313\documents\visual studio 2010\Projects\huffman\Debug\huffman.pdb" /SUBSYSTEM:CONSOLE /TLBID:1 /DYNAMICBASE /NXCOMPAT /IMPLIB:"C:\Users\IceFrogger1313\documents\visual studio 2010\Projects\huffman\Debug\huffman.lib" /MACHINE:X86 Debug\huffman.exe.embed.manifest.res
         Debug\huffmanDriver.obj
       Manifest:
         C:\Program Files (x86)\Microsoft SDKs\Windows\v7.0A\bin\mt.exe /nologo /verbose /out:"Debug\huffman.exe.embed.manifest" /manifest Debug\huffman.exe.intermediate.manifest
         All outputs are up-to-date.
       LinkEmbedManifest:
         All outputs are up-to-date.
         huffman.vcxproj -> C:\Users\IceFrogger1313\documents\visual studio 2010\Projects\huffman\Debug\huffman.exe
       FinalizeBuildStatus:
         Deleting file "Debug\huffman.unsuccessfulbuild".
         Touching "Debug\huffman.lastbuildstate".
     1>Done Building Project "C:\Users\IceFrogger1313\documents\visual studio 2010\Projects\huffman\huffman\huffman.vcxproj" (build target(s)).

Build succeeded.

Time Elapsed 00:00:02.19
