Build started 2/28/2013 9:00:11 AM.
     1>Project "C:\Users\IceFrogger1313\documents\visual studio 2010\Projects\huffman\huffman\huffman.vcxproj" on node 2 (build target(s)).
     1>PrepareForBuild:
         Creating directory "C:\Users\IceFrogger1313\documents\visual studio 2010\Projects\huffman\Release\".
       InitializeBuildStatus:
         Creating "Release\huffman.unsuccessfulbuild" because "AlwaysCreate" was specified.
       ClCompile:
         C:\Program Files (x86)\OtherPrograms\Microsoft Visual Studio 10.0\VC\bin\CL.exe /c /Zi /nologo /W3 /WX- /O2 /Oi /Oy- /GL /D WIN32 /D NDEBUG /D _CONSOLE /D _UNICODE /D UNICODE /Gm- /EHsc /MD /GS /Gy /fp:precise /Zc:wchar_t /Zc:forScope /Fo"Release\\" /Fd"Release\vc100.pdb" /Gd /TP /analyze- /errorReport:prompt huffmanDriver.cpp
         huffmanDriver.cpp
     1>c:\users\icefrogger1313\documents\visual studio 2010\projects\huffman\huffman\huffman.h(151): warning C4309: '=' : truncation of constant value
     1>c:\users\icefrogger1313\documents\visual studio 2010\projects\huffman\huffman\huffman.h(205): warning C4309: '=' : truncation of constant value
       Link:
         C:\Program Files (x86)\OtherPrograms\Microsoft Visual Studio 10.0\VC\bin\link.exe /ERRORREPORT:PROMPT /OUT:"C:\Users\IceFrogger1313\documents\visual studio 2010\Projects\huffman\Release\huffman.exe" /INCREMENTAL:NO /NOLOGO kernel32.lib user32.lib gdi32.lib winspool.lib comdlg32.lib advapi32.lib shell32.lib ole32.lib oleaut32.lib uuid.lib odbc32.lib odbccp32.lib /MANIFEST /ManifestFile:"Release\huffman.exe.intermediate.manifest" /MANIFESTUAC:"level='asInvoker' uiAccess='false'" /DEBUG /PDB:"C:\Users\IceFrogger1313\documents\visual studio 2010\Projects\huffman\Release\huffman.pdb" /SUBSYSTEM:CONSOLE /OPT:REF /OPT:ICF /LTCG /TLBID:1 /DYNAMICBASE /NXCOMPAT /IMPLIB:"C:\Users\IceFrogger1313\documents\visual studio 2010\Projects\huffman\Release\huffman.lib" /MACHINE:X86 Release\huffmanDriver.obj
         Generating code
         Finished generating code
         huffman.vcxproj -> C:\Users\IceFrogger1313\documents\visual studio 2010\Projects\huffman\Release\huffman.exe
       Manifest:
         C:\Program Files (x86)\Microsoft SDKs\Windows\v7.0A\bin\mt.exe /nologo /verbose /outputresource:"C:\Users\IceFrogger1313\documents\visual studio 2010\Projects\huffman\Release\huffman.exe;#1" /manifest Release\huffman.exe.intermediate.manifest
       FinalizeBuildStatus:
         Deleting file "Release\huffman.unsuccessfulbuild".
         Touching "Release\huffman.lastbuildstate".
     1>Done Building Project "C:\Users\IceFrogger1313\documents\visual studio 2010\Projects\huffman\huffman\huffman.vcxproj" (build target(s)).

Build succeeded.

Time Elapsed 00:00:01.41
